2022-12-23 20:09:57,116 [main] INFO nopCommerce - ********************Launching broser**********************
2022-12-23 20:09:58,834 [main] INFO nopCommerce - ********************Launching URL**********************
2022-12-23 20:09:59,069 [main] INFO nopCommerce - ********************Logging in**********************
2022-12-23 20:10:07,477 [main] INFO nopCommerce - ********************Clicked on login button**********************
2022-12-23 20:10:10,505 [main] INFO nopCommerce - ********************Dashboard is visible**********************
2022-12-23 20:10:13,649 [main] INFO nopCommerce - ********************Clicked on Customer menu dropdown**********************
2022-12-23 20:10:19,039 [main] INFO nopCommerce - ********************Clicked on customer Item in the dropdown**********************
2022-12-23 20:10:19,342 [main] INFO nopCommerce - ********************Entering email id**********************
2022-12-23 20:10:22,456 [main] INFO nopCommerce - ********************Clicked on search button**********************
2022-12-23 20:10:22,611 [main] INFO nopCommerce - ********************Checking Email in the search table**********************
2022-12-23 20:10:38,865 [main] INFO nopCommerce - ********************Browser closed**********************
2022-12-23 20:10:39,737 [main] INFO nopCommerce - ********************Launching broser**********************
2022-12-23 20:10:40,611 [main] INFO nopCommerce - ********************Launching URL**********************
2022-12-23 20:10:40,864 [main] INFO nopCommerce - ********************Logging in**********************
2022-12-23 20:10:45,707 [main] INFO nopCommerce - ********************Clicked on login button**********************
2022-12-23 20:10:48,724 [main] INFO nopCommerce - ********************Dashboard is visible**********************
2022-12-23 20:10:51,812 [main] INFO nopCommerce - ********************Clicked on Customer menu dropdown**********************
2022-12-23 20:10:56,207 [main] INFO nopCommerce - ********************Clicked on customer Item in the dropdown**********************
2022-12-23 20:10:56,415 [main] INFO nopCommerce - ********************Setting first name**********************
2022-12-23 20:10:56,598 [main] INFO nopCommerce - ********************Setting last name**********************
2022-12-23 20:10:59,712 [main] INFO nopCommerce - ********************Clicked on search button**********************
2022-12-23 20:10:59,839 [main] INFO nopCommerce - ********************Checking name in the serach table*********************
2022-12-23 20:10:59,987 [main] INFO nopCommerce - ********************Browser closed**********************
2022-12-23 21:18:19,705 [main] INFO nopCommerce - ********************Launching chrome broser**********************
2022-12-23 21:18:21,474 [main] INFO nopCommerce - ********************Launching URL**********************
2022-12-23 21:18:21,889 [main] INFO nopCommerce - ********************Logging in**********************
2022-12-23 21:18:27,733 [main] INFO nopCommerce - ********************Clicked on login button**********************
2022-12-23 21:18:30,754 [main] INFO nopCommerce - ********************Dashboard is visible**********************
2022-12-23 21:18:33,850 [main] INFO nopCommerce - ********************Clicked on Customer menu dropdown**********************
2022-12-23 21:18:38,644 [main] INFO nopCommerce - ********************Clicked on customer Item in the dropdown**********************
2022-12-23 21:18:38,871 [main] INFO nopCommerce - ********************Entering email id**********************
2022-12-23 21:18:41,995 [main] INFO nopCommerce - ********************Clicked on search button**********************
2022-12-23 21:18:42,162 [main] INFO nopCommerce - ********************Checking Email in the search table**********************
2022-12-23 21:18:42,294 [main] INFO nopCommerce - ********************Browser closed**********************
2022-12-23 21:18:43,142 [main] INFO nopCommerce - ********************Launching chrome broser**********************
2022-12-23 21:18:43,770 [main] INFO nopCommerce - ********************Launching URL**********************
2022-12-23 21:18:44,119 [main] INFO nopCommerce - ********************Logging in**********************
2022-12-23 21:18:52,849 [main] INFO nopCommerce - ********************Clicked on login button**********************
2022-12-23 21:18:55,865 [main] INFO nopCommerce - ********************Dashboard is visible**********************
2022-12-23 21:18:58,978 [main] INFO nopCommerce - ********************Clicked on Customer menu dropdown**********************
2022-12-23 21:19:03,485 [main] INFO nopCommerce - ********************Clicked on customer Item in the dropdown**********************
2022-12-23 21:19:03,699 [main] INFO nopCommerce - ********************Setting first name**********************
2022-12-23 21:19:03,879 [main] INFO nopCommerce - ********************Setting last name**********************
2022-12-23 21:19:06,982 [main] INFO nopCommerce - ********************Clicked on search button**********************
2022-12-23 21:19:07,090 [main] INFO nopCommerce - ********************Checking name in the serach table*********************
2022-12-23 21:19:07,239 [main] INFO nopCommerce - ********************Browser closed**********************
2022-12-23 21:20:17,404 [main] INFO nopCommerce - ********************Launching chrome broser**********************
2022-12-23 21:20:19,764 [main] INFO nopCommerce - ********************Launching URL**********************
2022-12-23 21:20:20,121 [main] INFO nopCommerce - ********************Logging in**********************
2022-12-23 21:20:26,115 [main] INFO nopCommerce - ********************Clicked on login button**********************
2022-12-23 21:20:29,142 [main] INFO nopCommerce - ********************Dashboard is visible**********************
2022-12-23 21:20:32,267 [main] INFO nopCommerce - ********************Clicked on Customer menu dropdown**********************
2022-12-23 21:20:36,655 [main] INFO nopCommerce - ********************Clicked on customer Item in the dropdown**********************
2022-12-23 21:20:36,863 [main] INFO nopCommerce - ********************Entering email id**********************
2022-12-23 21:20:39,961 [main] INFO nopCommerce - ********************Clicked on search button**********************
2022-12-23 21:20:40,132 [main] INFO nopCommerce - ********************Checking Email in the search table**********************
2022-12-23 21:20:56,305 [main] INFO nopCommerce - ********************Browser closed**********************
2022-12-23 21:20:57,349 [main] INFO nopCommerce - ********************Launching chrome broser**********************
2022-12-23 21:20:58,175 [main] INFO nopCommerce - ********************Launching URL**********************
2022-12-23 21:20:58,523 [main] INFO nopCommerce - ********************Logging in**********************
2022-12-23 21:21:01,203 [main] INFO nopCommerce - ********************Clicked on login button**********************
2022-12-23 21:21:04,231 [main] INFO nopCommerce - ********************Dashboard is visible**********************
2022-12-23 21:21:07,385 [main] INFO nopCommerce - ********************Clicked on Customer menu dropdown**********************
2022-12-23 21:21:11,718 [main] INFO nopCommerce - ********************Clicked on customer Item in the dropdown**********************
2022-12-23 21:21:11,981 [main] INFO nopCommerce - ********************Setting first name**********************
2022-12-23 21:21:12,148 [main] INFO nopCommerce - ********************Setting last name**********************
2022-12-23 21:21:15,251 [main] INFO nopCommerce - ********************Clicked on search button**********************
2022-12-23 21:21:15,377 [main] INFO nopCommerce - ********************Checking name in the serach table*********************
2022-12-23 21:21:31,546 [main] INFO nopCommerce - ********************Browser closed**********************
2022-12-27 20:37:59,555 [main] INFO nopCommerce - ********************Launching chrome broser**********************
2022-12-27 20:38:04,963 [main] INFO nopCommerce - ********************Launching URL**********************
2022-12-27 20:38:05,385 [main] INFO nopCommerce - ********************Logging in**********************
2022-12-27 20:38:16,291 [main] INFO nopCommerce - ********************Clicked on login button**********************
2022-12-27 20:38:19,322 [main] INFO nopCommerce - ********************Dashboard is visible**********************
2022-12-27 20:38:22,409 [main] INFO nopCommerce - ********************Clicked on Customer menu dropdown**********************
2022-12-27 20:38:27,675 [main] INFO nopCommerce - ********************Clicked on customer Item in the dropdown**********************
2022-12-27 20:38:27,958 [main] INFO nopCommerce - ********************Entering email id**********************
2022-12-27 20:38:31,102 [main] INFO nopCommerce - ********************Clicked on search button**********************
2022-12-27 20:38:31,211 [main] INFO nopCommerce - ********************Checking Email in the search table**********************
2022-12-27 20:38:31,312 [main] INFO nopCommerce - ********************Browser closed**********************
2022-12-27 20:38:32,136 [main] INFO nopCommerce - ********************Launching chrome broser**********************
2022-12-27 20:38:33,754 [main] INFO nopCommerce - ********************Launching URL**********************
2022-12-27 20:38:34,106 [main] INFO nopCommerce - ********************Logging in**********************
2022-12-27 20:38:40,327 [main] INFO nopCommerce - ********************Clicked on login button**********************
2022-12-27 20:38:43,347 [main] INFO nopCommerce - ********************Dashboard is visible**********************
2022-12-27 20:38:46,439 [main] INFO nopCommerce - ********************Clicked on Customer menu dropdown**********************
2022-12-27 20:38:50,903 [main] INFO nopCommerce - ********************Clicked on customer Item in the dropdown**********************
2022-12-27 20:38:51,085 [main] INFO nopCommerce - ********************Setting first name**********************
2022-12-27 20:38:51,262 [main] INFO nopCommerce - ********************Setting last name**********************
2022-12-27 20:38:54,381 [main] INFO nopCommerce - ********************Clicked on search button**********************
2022-12-27 20:38:54,502 [main] INFO nopCommerce - ********************Checking name in the serach table*********************
2022-12-27 20:38:54,601 [main] INFO nopCommerce - ********************Browser closed**********************
2022-12-27 20:51:19,722 [main] INFO nopCommerce - ********************Launching chrome broser**********************
2022-12-27 20:51:22,600 [main] INFO nopCommerce - ********************Launching URL**********************
2022-12-27 20:51:22,969 [main] INFO nopCommerce - ********************Logging in**********************
2022-12-27 20:51:28,160 [main] INFO nopCommerce - ********************Clicked on login button**********************
2022-12-27 20:51:31,181 [main] INFO nopCommerce - ********************Dashboard is visible**********************
2022-12-27 20:51:34,278 [main] INFO nopCommerce - ********************Clicked on Customer menu dropdown**********************
2022-12-27 20:51:38,758 [main] INFO nopCommerce - ********************Clicked on customer Item in the dropdown**********************
2022-12-27 20:51:38,979 [main] INFO nopCommerce - ********************Entering email id**********************
2022-12-27 20:51:42,097 [main] INFO nopCommerce - ********************Clicked on search button**********************
2022-12-27 20:51:42,232 [main] INFO nopCommerce - ********************Checking Email in the search table**********************
2022-12-27 20:51:42,368 [main] INFO nopCommerce - ********************Browser closed**********************
2022-12-27 20:51:43,368 [main] INFO nopCommerce - ********************Launching chrome broser**********************
2022-12-27 20:51:46,770 [main] INFO nopCommerce - ********************Launching URL**********************
2022-12-27 20:51:47,116 [main] INFO nopCommerce - ********************Logging in**********************
2022-12-27 20:51:51,964 [main] INFO nopCommerce - ********************Clicked on login button**********************
2022-12-27 20:51:54,979 [main] INFO nopCommerce - ********************Dashboard is visible**********************
2022-12-27 20:51:58,088 [main] INFO nopCommerce - ********************Clicked on Customer menu dropdown**********************
2022-12-27 20:52:05,151 [main] INFO nopCommerce - ********************Clicked on customer Item in the dropdown**********************
2022-12-27 20:52:05,341 [main] INFO nopCommerce - ********************Setting first name**********************
2022-12-27 20:52:05,522 [main] INFO nopCommerce - ********************Setting last name**********************
2022-12-27 20:52:08,628 [main] INFO nopCommerce - ********************Clicked on search button**********************
2022-12-27 20:52:08,738 [main] INFO nopCommerce - ********************Checking name in the serach table*********************
2022-12-27 20:52:08,887 [main] INFO nopCommerce - ********************Browser closed**********************
2022-12-27 21:50:07,687 [main] INFO nopCommerce - ********************Launching chrome broser**********************
2022-12-27 21:50:08,525 [main] INFO nopCommerce - ********************Launching URL**********************
2022-12-27 21:50:08,847 [main] INFO nopCommerce - ********************Logging in**********************
2022-12-27 21:50:13,510 [main] INFO nopCommerce - ********************Clicked on login button**********************
2022-12-27 21:50:16,528 [main] INFO nopCommerce - ********************Dashboard is visible**********************
2022-12-27 21:50:19,626 [main] INFO nopCommerce - ********************Clicked on Customer menu dropdown**********************
2022-12-27 21:50:23,899 [main] INFO nopCommerce - ********************Clicked on customer Item in the dropdown**********************
2022-12-27 21:50:24,099 [main] INFO nopCommerce - ********************Entering email id**********************
2022-12-27 21:50:27,192 [main] INFO nopCommerce - ********************Clicked on search button**********************
2022-12-27 21:50:27,286 [main] INFO nopCommerce - ********************Checking Email in the search table**********************
2022-12-27 21:50:27,394 [main] INFO nopCommerce - ********************Browser closed**********************
2022-12-27 21:50:28,408 [main] INFO nopCommerce - ********************Launching chrome broser**********************
2022-12-27 21:50:29,946 [main] INFO nopCommerce - ********************Launching URL**********************
2022-12-27 21:50:30,266 [main] INFO nopCommerce - ********************Logging in**********************
2022-12-27 21:50:34,218 [main] INFO nopCommerce - ********************Clicked on login button**********************
2022-12-27 21:50:37,244 [main] INFO nopCommerce - ********************Dashboard is visible**********************
2022-12-27 21:50:40,316 [main] INFO nopCommerce - ********************Clicked on Customer menu dropdown**********************
2022-12-27 21:50:44,559 [main] INFO nopCommerce - ********************Clicked on customer Item in the dropdown**********************
2022-12-27 21:50:44,672 [main] INFO nopCommerce - ********************Setting first name**********************
2022-12-27 21:50:44,803 [main] INFO nopCommerce - ********************Setting last name**********************
2022-12-27 21:50:47,877 [main] INFO nopCommerce - ********************Clicked on search button**********************
2022-12-27 21:50:47,955 [main] INFO nopCommerce - ********************Checking name in the serach table*********************
2022-12-27 21:50:48,065 [main] INFO nopCommerce - ********************Browser closed**********************
